#
# There is insufficient memory for the Java Runtime Environment to continue.
# Native memory allocation (malloc) failed to allocate 139408 bytes. Error detail: Chunk::new
# Possible reasons:
#   The system is out of physical RAM or swap space
#   This process is running with CompressedOops enabled, and the Java Heap may be blocking the growth of the native heap
# Possible solutions:
#   Reduce memory load on the system
#   Increase physical memory or swap space
#   Check if swap backing store is full
#   Decrease Java heap size (-Xmx/-Xms)
#   Decrease number of Java threads
#   Decrease Java thread stack sizes (-Xss)
#   Set larger code cache with -XX:ReservedCodeCacheSize=
#   JVM is running with Zero Based Compressed Oops mode in which the Java heap is
#     placed in the first 32GB address space. The Java Heap base address is the
#     maximum limit for the native heap growth. Please use -XX:HeapBaseMinAddress
#     to set the Java Heap base and to place the Java Heap above 32GB virtual address.
# This output file may be truncated or incomplete.
#
#  Out of Memory Error (arena.cpp:168), pid=15184, tid=14072
#
# JRE version: OpenJDK Runtime Environment Microsoft-11369940 (21.0.7+6) (build 21.0.7+6-LTS)
# Java VM: OpenJDK 64-Bit Server VM Microsoft-11369940 (21.0.7+6-LTS, mixed mode, sharing, tiered, compressed oops, compressed class ptrs, g1 gc, windows-amd64)
# No core dump will be written. Minidumps are not enabled by default on client versions of Windows
#

---------------  S U M M A R Y ------------

Command Line: --enable-preview -javaagent:C:\Program Files\JetBrains\IntelliJ IDEA 2024.3.5\lib\idea_rt.jar=64826 -Dfile.encoding=UTF-8 -Dsun.stdout.encoding=UTF-8 -Dsun.stderr.encoding=UTF-8 -Djava.net.preferIPv4Stack=true net.safae.ormtest.OrmTestApplication

Host: Intel(R) Core(TM) i3-6006U CPU @ 2.00GHz, 4 cores, 11G,  Windows 10 , 64 bit Build 19041 (10.0.19041.3636)
Time: Tue May  6 23:05:20 2025 Maroc (heure d64 bit Build 19041 (10.0.19041.3636) elapsed time: 173.128997 seconds (0d 0h 2m 53s)

---------------  T H R E A D  ---------------

Current thread (0x000002d0fff00c70):  JavaThread "C2 CompilerThread0" daemon [_thread_in_native, id=14072, stack(0x000000e0ac200000,0x000000e0ac300000) (1024K)]


Current CompileTask:
C2:173129 5842   !   4       java.io.ObjectOutputStream::defaultWriteFields (288 bytes)

Stack: [0x000000e0ac200000,0x000000e0ac300000]
Native frames: (J=compiled Java code, j=interpreted, Vv=VM code, C=native code)
V  [jvm.dll+0x6d4bb9]
V  [jvm.dll+0x8afa11]
V  [jvm.dll+0x8b1f3e]
V  [jvm.dll+0x8b2623]
V  [jvm.dll+0x280816]
V  [jvm.dll+0xc52bd]
V  [jvm.dll+0xc57f3]
V  [jvm.dll+0x3bbd5c]
V  [jvm.dll+0x1e005f]
V  [jvm.dll+0x248573]
V  [jvm.dll+0x2479df]
V  [jvm.dll+0x1c7aaf]
V  [jvm.dll+0x257819]
V  [jvm.dll+0x255bca]
V  [jvm.dll+0x3f5af6]
V  [jvm.dll+0x85916b]
V  [jvm.dll+0x6d327d]
C  [ucrtbase.dll+0x21bb2]
C  [KERNEL32.DLL+0x17344]
C  [ntdll.dll+0x526b1]


---------------  P R O C E S S  ---------------

Threads class SMR info:
_java_thread_list=0x000002d0db75c210, length=33, elements={
0x000002d0ffef60a0, 0x000002d0ffefa180, 0x000002d0ffefe000, 0x000002d0ffefea50,
0x000002d0ffeff4a0, 0x000002d0ffeffef0, 0x000002d0fff00c70, 0x000002d0fff39940,
0x000002d0ffecab90, 0x000002d0d63abb70, 0x000002d0d6536e20, 0x000002d0d6fa1fd0,
0x000002d0d71722f0, 0x000002d0d6ff5b90, 0x000002d0d6ff67d0, 0x000002d0d72fd7b0,
0x000002d0d72feb60, 0x000002d0d72ff880, 0x000002d0d72ff1f0, 0x000002d0d72fde40,
0x000002d0d72fe4d0, 0x000002d0d72fff10, 0x000002d0dbb64880, 0x000002d0dbb662c0,
0x000002d0dbb60050, 0x000002d0dbb655a0, 0x000002d0dbb61400, 0x000002d0dbb66950,
0x000002d0dbb61a90, 0x000002d0dbb62e40, 0x000002d0dbb66fe0, 0x000002d0dbb67670,
0x000002d0dbb60d70
}

Java Threads: ( => current thread )
  0x000002d0ffef60a0 JavaThread "Reference Handler"          daemon [_thread_blocked, id=10056, stack(0x000000e0abc00000,0x000000e0abd00000) (1024K)]
  0x000002d0ffefa180 JavaThread "Finalizer"                  daemon [_thread_blocked, id=13168, stack(0x000000e0abd00000,0x000000e0abe00000) (1024K)]
  0x000002d0ffefe000 JavaThread "Signal Dispatcher"          daemon [_thread_blocked, id=13804, stack(0x000000e0abe00000,0x000000e0abf00000) (1024K)]
  0x000002d0ffefea50 JavaThread "Attach Listener"            daemon [_thread_blocked, id=3320, stack(0x000000e0abf00000,0x000000e0ac000000) (1024K)]
  0x000002d0ffeff4a0 JavaThread "Service Thread"             daemon [_thread_blocked, id=14184, stack(0x000000e0ac000000,0x000000e0ac100000) (1024K)]
  0x000002d0ffeffef0 JavaThread "Monitor Deflation Thread"   daemon [_thread_blocked, id=11452, stack(0x000000e0ac100000,0x000000e0ac200000) (1024K)]
=>0x000002d0fff00c70 JavaThread "C2 CompilerThread0"         daemon [_thread_in_native, id=14072, stack(0x000000e0ac200000,0x000000e0ac300000) (1024K)]
  0x000002d0fff39940 JavaThread "C1 CompilerThread0"         daemon [_thread_blocked, id=13760, stack(0x000000e0ac300000,0x000000e0ac400000) (1024K)]
  0x000002d0ffecab90 JavaThread "Common-Cleaner"             daemon [_thread_blocked, id=14200, stack(0x000000e0ac400000,0x000000e0ac500000) (1024K)]
  0x000002d0d63abb70 JavaThread "Monitor Ctrl-Break"         daemon [_thread_in_native, id=15348, stack(0x000000e0ac600000,0x000000e0ac700000) (1024K)]
  0x000002d0d6536e20 JavaThread "Notification Thread"        daemon [_thread_blocked, id=8632, stack(0x000000e0ac700000,0x000000e0ac800000) (1024K)]
  0x000002d0d6fa1fd0 JavaThread "RMI TCP Accept-0"           daemon [_thread_in_native, id=8336, stack(0x000000e0acb00000,0x000000e0acc00000) (1024K)]
  0x000002d0d71722f0 JavaThread "RMI TCP Connection(1)-172.27.192.1" daemon [_thread_in_native, id=11428, stack(0x000000e0ac500000,0x000000e0ac600000) (1024K)]
  0x000002d0d6ff5b90 JavaThread "RMI Scheduler(0)"           daemon [_thread_blocked, id=14712, stack(0x000000e0acc00000,0x000000e0acd00000) (1024K)]
  0x000002d0d6ff67d0 JavaThread "JMX server connection timeout 28" daemon [_thread_blocked, id=14212, stack(0x000000e0acd00000,0x000000e0ace00000) (1024K)]
  0x000002d0d72fd7b0 JavaThread "Catalina-utility-1"                [_thread_blocked, id=11940, stack(0x000000e0acf00000,0x000000e0ad000000) (1024K)]
  0x000002d0d72feb60 JavaThread "Catalina-utility-2"                [_thread_blocked, id=11900, stack(0x000000e0ad000000,0x000000e0ad100000) (1024K)]
  0x000002d0d72ff880 JavaThread "container-0"                       [_thread_blocked, id=2256, stack(0x000000e0ad100000,0x000000e0ad200000) (1024K)]
  0x000002d0d72ff1f0 JavaThread "mysql-cj-abandoned-connection-cleanup" daemon [_thread_blocked, id=7508, stack(0x000000e0ad200000,0x000000e0ad300000) (1024K)]
  0x000002d0d72fde40 JavaThread "HikariPool-1 housekeeper"   daemon [_thread_blocked, id=3820, stack(0x000000e0ace00000,0x000000e0acf00000) (1024K)]
  0x000002d0d72fe4d0 JavaThread "http-nio-8087-exec-1"       daemon [_thread_blocked, id=1664, stack(0x000000e0ad400000,0x000000e0ad500000) (1024K)]
  0x000002d0d72fff10 JavaThread "http-nio-8087-exec-2"       daemon [_thread_blocked, id=12560, stack(0x000000e0ad500000,0x000000e0ad600000) (1024K)]
  0x000002d0dbb64880 JavaThread "http-nio-8087-exec-3"       daemon [_thread_blocked, id=8320, stack(0x000000e0ad600000,0x000000e0ad700000) (1024K)]
  0x000002d0dbb662c0 JavaThread "http-nio-8087-exec-4"       daemon [_thread_blocked, id=14232, stack(0x000000e0ad700000,0x000000e0ad800000) (1024K)]
  0x000002d0dbb60050 JavaThread "http-nio-8087-exec-5"       daemon [_thread_blocked, id=9560, stack(0x000000e0ad800000,0x000000e0ad900000) (1024K)]
  0x000002d0dbb655a0 JavaThread "http-nio-8087-exec-6"       daemon [_thread_blocked, id=14216, stack(0x000000e0ad900000,0x000000e0ada00000) (1024K)]
  0x000002d0dbb61400 JavaThread "http-nio-8087-exec-7"       daemon [_thread_blocked, id=14532, stack(0x000000e0ada00000,0x000000e0adb00000) (1024K)]
  0x000002d0dbb66950 JavaThread "http-nio-8087-exec-8"       daemon [_thread_blocked, id=2980, stack(0x000000e0adb00000,0x000000e0adc00000) (1024K)]
  0x000002d0dbb61a90 JavaThread "http-nio-8087-exec-9"       daemon [_thread_blocked, id=13344, stack(0x000000e0adc00000,0x000000e0add00000) (1024K)]
  0x000002d0dbb62e40 JavaThread "http-nio-8087-exec-10"      daemon [_thread_blocked, id=12980, stack(0x000000e0add00000,0x000000e0ade00000) (1024K)]
  0x000002d0dbb66fe0 JavaThread "http-nio-8087-Poller"       daemon [_thread_in_native, id=13884, stack(0x000000e0ade00000,0x000000e0adf00000) (1024K)]
  0x000002d0dbb67670 JavaThread "http-nio-8087-Acceptor"     daemon [_thread_in_native, id=13260, stack(0x000000e0adf00000,0x000000e0ae000000) (1024K)]
  0x000002d0dbb60d70 JavaThread "DestroyJavaVM"                     [_thread_blocked, id=12004, stack(0x000000e0ab400000,0x000000e0ab500000) (1024K)]
Total: 33

Other Threads:
  0x000002d0ffedb3a0 VMThread "VM Thread"                           [id=3752, stack(0x000000e0abb00000,0x000000e0abc00000) (1024K)]
  0x000002d0ffec9ef0 WatcherThread "VM Periodic Task Thread"        [id=9976, stack(0x000000e0aba00000,0x000000e0abb00000) (1024K)]
  0x000002d0f385d670 WorkerThread "GC Thread#0"                     [id=13880, stack(0x000000e0ab500000,0x000000e0ab600000) (1024K)]
  0x000002d0d6680610 WorkerThread "GC Thread#1"                     [id=15160, stack(0x000000e0ac800000,0x000000e0ac900000) (1024K)]
  0x000002d0d66809b0 WorkerThread "GC Thread#2"                     [id=14640, stack(0x000000e0ac900000,0x000000e0aca00000) (1024K)]
  0x000002d0d662a970 WorkerThread "GC Thread#3"                     [id=2492, stack(0x000000e0aca00000,0x000000e0acb00000) (1024K)]
  0x000002d0f386b770 ConcurrentGCThread "G1 Main Marker"            [id=13028, stack(0x000000e0ab600000,0x000000e0ab700000) (1024K)]
  0x000002d0f386c330 WorkerThread "G1 Conc#0"                       [id=5456, stack(0x000000e0ab700000,0x000000e0ab800000) (1024K)]
  0x000002d0ffda10a0 ConcurrentGCThread "G1 Refine#0"               [id=4496, stack(0x000000e0ab800000,0x000000e0ab900000) (1024K)]
  0x000002d0f38cafc0 ConcurrentGCThread "G1 Service"                [id=12216, stack(0x000000e0ab900000,0x000000e0aba00000) (1024K)]
Total: 10

Threads with active compile tasks:
C2 CompilerThread0  173198 5842   !   4       java.io.ObjectOutputStream::defaultWriteFields (288 bytes)
Total: 1

VM state: not at safepoint (normal execution)

VM Mutex/Monitor currently owned by a thread: None

Heap address: 0x0000000742000000, size: 3040 MB, Compressed Oops mode: Zero based, Oop shift amount: 3

CDS archive(s) mapped at: [0x000002d091000000-0x000002d091c80000-0x000002d091c80000), size 13107200, SharedBaseAddress: 0x000002d091000000, ArchiveRelocationMode: 1.
Compressed class space mapped at: 0x000002d092000000-0x000002d0d2000000, reserved size: 1073741824
Narrow klass base: 0x000002d091000000, Narrow klass shift: 0, Narrow klass range: 0x100000000

GC Precious Log:
 CardTable entry size: 512
 Card Set container configuration: InlinePtr #cards 4 size 8 Array Of Cards #cards 16 size 48 Howl #buckets 8 coarsen threshold 3686 Howl Bitmap #cards 512 size 80 coarsen threshold 460 Card regions per heap region 1 cards per card region 4096
 CPUs: 4 total, 4 available
 Memory: 12154M
 Large Page Support: Disabled
 NUMA Support: Disabled
 Compressed Oops: Enabled (Zero based)
 Heap Region Size: 2M
 Heap Min Capacity: 8M
 Heap Initial Capacity: 190M
 Heap Max Capacity: 3040M
 Pre-touch: Disabled
 Parallel Workers: 4
 Concurrent Workers: 1
 Concurrent Refinement Workers: 4
 Periodic GC: Disabled

Heap:
 garbage-first heap   total 59392K, used 28415K [0x0000000742000000, 0x0000000800000000)
  region size 2048K, 2 young (4096K), 1 survivors (2048K)
 Metaspace       used 69290K, committed 70016K, reserved 1114112K
  class space    used 9209K, committed 9536K, reserved 1048576K

Heap Regions: E=young(eden), S=young(survivor), O=old, HS=humongous(starts), HC=humongous(continues), CS=collection set, F=free, TAMS=top-at-mark-start, PB=parsable bottom
|   0|0x0000000742000000, 0x0000000742200000, 0x0000000742200000|100%| O|  |TAMS 0x0000000742000000| PB 0x0000000742000000| Untracked 
|   1|0x0000000742200000, 0x0000000742400000, 0x0000000742400000|100%| O|  |TAMS 0x0000000742200000| PB 0x0000000742200000| Untracked 
|   2|0x0000000742400000, 0x0000000742600000, 0x0000000742600000|100%| O|  |TAMS 0x0000000742400000| PB 0x0000000742400000| Untracked 
|   3|0x0000000742600000, 0x0000000742800000, 0x0000000742800000|100%| O|  |TAMS 0x0000000742600000| PB 0x0000000742600000| Untracked 
|   4|0x0000000742800000, 0x0000000742a00000, 0x0000000742a00000|100%| O|  |TAMS 0x0000000742800000| PB 0x0000000742800000| Untracked 
|   5|0x0000000742a00000, 0x0000000742c00000, 0x0000000742c00000|100%| O|  |TAMS 0x0000000742a00000| PB 0x0000000742a00000| Untracked 
|   6|0x0000000742c00000, 0x0000000742e00000, 0x0000000742e00000|100%| O|  |TAMS 0x0000000742c00000| PB 0x0000000742c00000| Untracked 
|   7|0x0000000742e00000, 0x0000000743000000, 0x0000000743000000|100%| O|  |TAMS 0x0000000742e00000| PB 0x0000000742e00000| Untracked 
|   8|0x0000000743000000, 0x0000000743200000, 0x0000000743200000|100%| O|  |TAMS 0x0000000743000000| PB 0x0000000743000000| Untracked 
|   9|0x0000000743200000, 0x0000000743200000, 0x0000000743400000|  0%| F|  |TAMS 0x0000000743200000| PB 0x0000000743200000| Untracked 
|  10|0x0000000743400000, 0x0000000743600000, 0x0000000743600000|100%| O|  |TAMS 0x0000000743400000| PB 0x0000000743400000| Untracked 
|  11|0x0000000743600000, 0x0000000743800000, 0x0000000743800000|100%| O|  |TAMS 0x0000000743600000| PB 0x0000000743600000| Untracked 
|  12|0x0000000743800000, 0x0000000743a00000, 0x0000000743a00000|100%| O|  |TAMS 0x0000000743800000| PB 0x0000000743800000| Untracked 
|  13|0x0000000743a00000, 0x0000000743a00000, 0x0000000743c00000|  0%| F|  |TAMS 0x0000000743a00000| PB 0x0000000743a00000| Untracked 
|  14|0x0000000743c00000, 0x0000000743c00000, 0x0000000743e00000|  0%| F|  |TAMS 0x0000000743c00000| PB 0x0000000743c00000| Untracked 
|  15|0x0000000743e00000, 0x0000000743fd1db0, 0x0000000744000000| 90%| O|  |TAMS 0x0000000743e00000| PB 0x0000000743e00000| Untracked 
|  16|0x0000000744000000, 0x0000000744000000, 0x0000000744200000|  0%| F|  |TAMS 0x0000000744000000| PB 0x0000000744000000| Untracked 
|  17|0x0000000744200000, 0x00000007443edf28, 0x0000000744400000| 96%| S|CS|TAMS 0x0000000744200000| PB 0x0000000744200000| Complete 
|  18|0x0000000744400000, 0x0000000744400000, 0x0000000744600000|  0%| F|  |TAMS 0x0000000744400000| PB 0x0000000744400000| Untracked 
|  19|0x0000000744600000, 0x0000000744600000, 0x0000000744800000|  0%| F|  |TAMS 0x0000000744600000| PB 0x0000000744600000| Untracked 
|  20|0x0000000744800000, 0x0000000744800000, 0x0000000744a00000|  0%| F|  |TAMS 0x0000000744800000| PB 0x0000000744800000| Untracked 
|  21|0x0000000744a00000, 0x0000000744a00000, 0x0000000744c00000|  0%| F|  |TAMS 0x0000000744a00000| PB 0x0000000744a00000| Untracked 
|  22|0x0000000744c00000, 0x0000000744c00000, 0x0000000744e00000|  0%| F|  |TAMS 0x0000000744c00000| PB 0x0000000744c00000| Untracked 
|  23|0x0000000744e00000, 0x0000000744e00000, 0x0000000745000000|  0%| F|  |TAMS 0x0000000744e00000| PB 0x0000000744e00000| Untracked 
|  24|0x0000000745000000, 0x0000000745000000, 0x0000000745200000|  0%| F|  |TAMS 0x0000000745000000| PB 0x0000000745000000| Untracked 
|  25|0x0000000745200000, 0x0000000745200000, 0x0000000745400000|  0%| F|  |TAMS 0x0000000745200000| PB 0x0000000745200000| Untracked 
|  76|0x000000074b800000, 0x000000074b800000, 0x000000074ba00000|  0%| F|  |TAMS 0x000000074b800000| PB 0x000000074b800000| Untracked 
|  77|0x000000074ba00000, 0x000000074ba00000, 0x000000074bc00000|  0%| F|  |TAMS 0x000000074ba00000| PB 0x000000074ba00000| Untracked 
|  78|0x000000074bc00000, 0x000000074bdc19f0, 0x000000074be00000| 87%| E|  |TAMS 0x000000074bc00000| PB 0x000000074bc00000| Complete 

Card table byte_map: [0x000002d0fc4f0000,0x000002d0fcae0000] _byte_map_base: 0x000002d0f8ae0000

Marking Bits: (CMBitMap*) 0x000002d0f385f090
 Bits: [0x000002d0fcae0000, 0x000002d0ffa60000)

Polling page: 0x000002d0f2fd0000

Metaspace:

Usage:
  Non-class:     58.67 MB used.
      Class:      8.99 MB used.
       Both:     67.67 MB used.

Virtual space:
  Non-class space:       64.00 MB reserved,      59.06 MB ( 92%) committed,  1 nodes.
      Class space:        1.00 GB reserved,       9.31 MB ( <1%) committed,  1 nodes.
             Both:        1.06 GB reserved,      68.38 MB (  6%) committed. 

Chunk freelists:
   Non-Class:  4.08 MB
       Class:  6.63 MB
        Both:  10.71 MB

MaxMetaspaceSize: unlimited
CompressedClassSpaceSize: 1.00 GB
Initial GC threshold: 21.00 MB
Current GC threshold: 99.00 MB
CDS: on
 - commit_granule_bytes: 65536.
 - commit_granule_words: 8192.
 - virtual_space_node_default_size: 8388608.
 - enlarge_chunks_in_place: 1.
 - use_allocation_guard: 0.


Internal statistics:

num_allocs_failed_limit: 12.
num_arena_births: 1100.
num_arena_deaths: 0.
num_vsnodes_births: 2.
num_vsnodes_deaths: 0.
num_space_committed: 1094.
num_space_uncommitted: 0.
num_chunks_returned_to_freelist: 12.
num_chunks_taken_from_freelist: 3524.
num_chunk_merges: 12.
num_chunk_splits: 2579.
num_chunks_enlarged: 1979.
num_inconsistent_stats: 0.

CodeHeap 'non-profiled nmethods': size=120000Kb used=3905Kb max_used=3905Kb free=116094Kb
 bounds [0x000002d087ad0000, 0x000002d087eb0000, 0x000002d08f000000]
CodeHeap 'profiled nmethods': size=120000Kb used=10261Kb max_used=10261Kb free=109738Kb
 bounds [0x000002d080000000, 0x000002d080a10000, 0x000002d087530000]
CodeHeap 'non-nmethods': size=5760Kb used=1677Kb max_used=1742Kb free=4082Kb
 bounds [0x000002d087530000, 0x000002d0877a0000, 0x000002d087ad0000]
 total_blobs=5859 nmethods=5143 adapters=620
 compilation: enabled
              stopped_count=0, restarted_count=0
 full_count=0

Compilation events (20 events):
Event: 155.418 Thread 0x000002d0fff39940 nmethod 5832 0x000002d080a02110 code [0x000002d080a022c0, 0x000002d080a024d0]
Event: 155.418 Thread 0x000002d0fff39940 5833       1       org.apache.tomcat.util.net.SocketProperties::getTimeoutInterval (5 bytes)
Event: 155.418 Thread 0x000002d0fff39940 nmethod 5833 0x000002d087e9d710 code [0x000002d087e9d8a0, 0x000002d087e9d968]
Event: 155.734 Thread 0x000002d0fff00c70 5834       4       java.io.ObjectInputStream$PeekInputStream::peek (49 bytes)
Event: 155.754 Thread 0x000002d0fff00c70 nmethod 5834 0x000002d087e9da10 code [0x000002d087e9dc40, 0x000002d087e9e550]
Event: 159.814 Thread 0x000002d0fff00c70 5835   !   4       java.io.BufferedOutputStream::write (73 bytes)
Event: 159.829 Thread 0x000002d0fff00c70 nmethod 5835 0x000002d087e9ea90 code [0x000002d087e9ecc0, 0x000002d087e9f408]
Event: 163.203 Thread 0x000002d0fff39940 5836       3       java.util.concurrent.locks.AbstractQueuedSynchronizer::enqueue (72 bytes)
Event: 163.203 Thread 0x000002d0fff39940 nmethod 5836 0x000002d080a02590 code [0x000002d080a027c0, 0x000002d080a02ec8]
Event: 164.205 Thread 0x000002d0fff39940 5837       3       java.util.concurrent.locks.AbstractQueuedSynchronizer$ConditionObject::doSignal (62 bytes)
Event: 164.206 Thread 0x000002d0fff39940 nmethod 5837 0x000002d080a03110 code [0x000002d080a032e0, 0x000002d080a036d8]
Event: 165.746 Thread 0x000002d0fff39940 5838       3       java.util.concurrent.locks.AbstractQueuedSynchronizer$ConditionObject::awaitNanos (207 bytes)
Event: 165.747 Thread 0x000002d0fff39940 nmethod 5838 0x000002d080a03810 code [0x000002d080a03b00, 0x000002d080a049e8]
Event: 165.925 Thread 0x000002d0fff39940 5839   !   3       sun.rmi.transport.StreamRemoteCall::releaseOutputStream (60 bytes)
Event: 165.926 Thread 0x000002d0fff39940 nmethod 5839 0x000002d080a04f90 code [0x000002d080a051e0, 0x000002d080a05a30]
Event: 172.028 Thread 0x000002d0fff00c70 5840       4       java.io.ObjectInputStream$PeekInputStream::readFully (48 bytes)
Event: 172.033 Thread 0x000002d0fff00c70 nmethod 5840 0x000002d087e9f990 code [0x000002d087e9fb60, 0x000002d087e9feb8]
Event: 172.046 Thread 0x000002d0fff00c70 5841       4       java.util.Collections$UnmodifiableCollection$1::hasNext (10 bytes)
Event: 172.047 Thread 0x000002d0fff00c70 nmethod 5841 0x000002d087ea0190 code [0x000002d087ea0320, 0x000002d087ea03d8]
Event: 173.066 Thread 0x000002d0fff00c70 5842   !   4       java.io.ObjectOutputStream::defaultWriteFields (288 bytes)

GC Heap History (20 events):
Event: 8.049 GC heap before
{Heap before GC invocations=5 (full 0):
 garbage-first heap   total 49152K, used 35121K [0x0000000742000000, 0x0000000800000000)
  region size 2048K, 14 young (28672K), 3 survivors (6144K)
 Metaspace       used 24090K, committed 24512K, reserved 1114112K
  class space    used 2884K, committed 3136K, reserved 1048576K
}
Event: 8.068 GC heap after
{Heap after GC invocations=6 (full 0):
 garbage-first heap   total 49152K, used 14594K [0x0000000742000000, 0x0000000800000000)
  region size 2048K, 2 young (4096K), 2 survivors (4096K)
 Metaspace       used 24090K, committed 24512K, reserved 1114112K
  class space    used 2884K, committed 3136K, reserved 1048576K
}
Event: 9.821 GC heap before
{Heap before GC invocations=6 (full 0):
 garbage-first heap   total 49152K, used 33026K [0x0000000742000000, 0x0000000800000000)
  region size 2048K, 11 young (22528K), 2 survivors (4096K)
 Metaspace       used 27301K, committed 27840K, reserved 1114112K
  class space    used 3323K, committed 3584K, reserved 1048576K
}
Event: 9.838 GC heap after
{Heap after GC invocations=7 (full 0):
 garbage-first heap   total 59392K, used 16246K [0x0000000742000000, 0x0000000800000000)
  region size 2048K, 1 young (2048K), 1 survivors (2048K)
 Metaspace       used 27301K, committed 27840K, reserved 1114112K
  class space    used 3323K, committed 3584K, reserved 1048576K
}
Event: 14.210 GC heap before
{Heap before GC invocations=7 (full 0):
 garbage-first heap   total 59392K, used 46966K [0x0000000742000000, 0x0000000800000000)
  region size 2048K, 16 young (32768K), 1 survivors (2048K)
 Metaspace       used 33291K, committed 33920K, reserved 1114112K
  class space    used 4125K, committed 4416K, reserved 1048576K
}
Event: 14.227 GC heap after
{Heap after GC invocations=8 (full 0):
 garbage-first heap   total 59392K, used 18900K [0x0000000742000000, 0x0000000800000000)
  region size 2048K, 2 young (4096K), 2 survivors (4096K)
 Metaspace       used 33291K, committed 33920K, reserved 1114112K
  class space    used 4125K, committed 4416K, reserved 1048576K
}
Event: 14.984 GC heap before
{Heap before GC invocations=8 (full 0):
 garbage-first heap   total 59392K, used 22996K [0x0000000742000000, 0x0000000800000000)
  region size 2048K, 6 young (12288K), 2 survivors (4096K)
 Metaspace       used 35385K, committed 35968K, reserved 1114112K
  class space    used 4341K, committed 4608K, reserved 1048576K
}
Event: 14.998 GC heap after
{Heap after GC invocations=9 (full 0):
 garbage-first heap   total 59392K, used 20633K [0x0000000742000000, 0x0000000800000000)
  region size 2048K, 1 young (2048K), 1 survivors (2048K)
 Metaspace       used 35385K, committed 35968K, reserved 1114112K
  class space    used 4341K, committed 4608K, reserved 1048576K
}
Event: 17.040 GC heap before
{Heap before GC invocations=10 (full 0):
 garbage-first heap   total 59392K, used 47257K [0x0000000742000000, 0x0000000800000000)
  region size 2048K, 14 young (28672K), 1 survivors (2048K)
 Metaspace       used 43084K, committed 43712K, reserved 1114112K
  class space    used 5456K, committed 5760K, reserved 1048576K
}
Event: 17.048 GC heap after
{Heap after GC invocations=11 (full 0):
 garbage-first heap   total 59392K, used 21417K [0x0000000742000000, 0x0000000800000000)
  region size 2048K, 2 young (4096K), 2 survivors (4096K)
 Metaspace       used 43084K, committed 43712K, reserved 1114112K
  class space    used 5456K, committed 5760K, reserved 1048576K
}
Event: 19.103 GC heap before
{Heap before GC invocations=11 (full 0):
 garbage-first heap   total 59392K, used 45993K [0x0000000742000000, 0x0000000800000000)
  region size 2048K, 15 young (30720K), 2 survivors (4096K)
 Metaspace       used 50377K, committed 50944K, reserved 1114112K
  class space    used 6450K, committed 6720K, reserved 1048576K
}
Event: 19.112 GC heap after
{Heap after GC invocations=12 (full 0):
 garbage-first heap   total 59392K, used 23110K [0x0000000742000000, 0x0000000800000000)
  region size 2048K, 2 young (4096K), 2 survivors (4096K)
 Metaspace       used 50377K, committed 50944K, reserved 1114112K
  class space    used 6450K, committed 6720K, reserved 1048576K
}
Event: 20.802 GC heap before
{Heap before GC invocations=12 (full 0):
 garbage-first heap   total 59392K, used 47686K [0x0000000742000000, 0x0000000800000000)
  region size 2048K, 15 young (30720K), 2 survivors (4096K)
 Metaspace       used 58781K, committed 59392K, reserved 1114112K
  class space    used 7801K, committed 8064K, reserved 1048576K
}
Event: 20.815 GC heap after
{Heap after GC invocations=13 (full 0):
 garbage-first heap   total 59392K, used 24577K [0x0000000742000000, 0x0000000800000000)
  region size 2048K, 2 young (4096K), 2 survivors (4096K)
 Metaspace       used 58781K, committed 59392K, reserved 1114112K
  class space    used 7801K, committed 8064K, reserved 1048576K
}
Event: 21.377 GC heap before
{Heap before GC invocations=13 (full 0):
 garbage-first heap   total 59392K, used 28673K [0x0000000742000000, 0x0000000800000000)
  region size 2048K, 5 young (10240K), 2 survivors (4096K)
 Metaspace       used 60104K, committed 60736K, reserved 1114112K
  class space    used 7909K, committed 8192K, reserved 1048576K
}
Event: 21.389 GC heap after
{Heap after GC invocations=14 (full 0):
 garbage-first heap   total 59392K, used 25028K [0x0000000742000000, 0x0000000800000000)
  region size 2048K, 1 young (2048K), 1 survivors (2048K)
 Metaspace       used 60104K, committed 60736K, reserved 1114112K
  class space    used 7909K, committed 8192K, reserved 1048576K
}
Event: 24.812 GC heap before
{Heap before GC invocations=15 (full 0):
 garbage-first heap   total 59392K, used 51652K [0x0000000742000000, 0x0000000800000000)
  region size 2048K, 14 young (28672K), 1 survivors (2048K)
 Metaspace       used 64391K, committed 65088K, reserved 1114112K
  class space    used 8579K, committed 8896K, reserved 1048576K
}
Event: 24.832 GC heap after
{Heap after GC invocations=16 (full 0):
 garbage-first heap   total 59392K, used 27661K [0x0000000742000000, 0x0000000800000000)
  region size 2048K, 2 young (4096K), 2 survivors (4096K)
 Metaspace       used 64391K, committed 65088K, reserved 1114112K
  class space    used 8579K, committed 8896K, reserved 1048576K
}
Event: 109.611 GC heap before
{Heap before GC invocations=16 (full 0):
 garbage-first heap   total 59392K, used 48141K [0x0000000742000000, 0x0000000800000000)
  region size 2048K, 13 young (26624K), 2 survivors (4096K)
 Metaspace       used 69202K, committed 69952K, reserved 1114112K
  class space    used 9208K, committed 9536K, reserved 1048576K
}
Event: 109.626 GC heap after
{Heap after GC invocations=17 (full 0):
 garbage-first heap   total 59392K, used 28415K [0x0000000742000000, 0x0000000800000000)
  region size 2048K, 1 young (2048K), 1 survivors (2048K)
 Metaspace       used 69202K, committed 69952K, reserved 1114112K
  class space    used 9208K, committed 9536K, reserved 1048576K
}

Dll operation events (13 events):
Event: 0.074 Loaded shared library C:\Users\LENOVO\.jdks\ms-21.0.7\bin\java.dll
Event: 0.272 Loaded shared library C:\Users\LENOVO\.jdks\ms-21.0.7\bin\jsvml.dll
Event: 0.663 Loaded shared library C:\Users\LENOVO\.jdks\ms-21.0.7\bin\zip.dll
Event: 0.695 Loaded shared library C:\Users\LENOVO\.jdks\ms-21.0.7\bin\instrument.dll
Event: 0.708 Loaded shared library C:\Users\LENOVO\.jdks\ms-21.0.7\bin\net.dll
Event: 0.716 Loaded shared library C:\Users\LENOVO\.jdks\ms-21.0.7\bin\nio.dll
Event: 0.745 Loaded shared library C:\Users\LENOVO\.jdks\ms-21.0.7\bin\zip.dll
Event: 0.869 Loaded shared library C:\Users\LENOVO\.jdks\ms-21.0.7\bin\jimage.dll
Event: 1.168 Loaded shared library C:\Users\LENOVO\.jdks\ms-21.0.7\bin\extnet.dll
Event: 1.203 Loaded shared library C:\Users\LENOVO\.jdks\ms-21.0.7\bin\management.dll
Event: 1.229 Loaded shared library C:\Users\LENOVO\.jdks\ms-21.0.7\bin\management_ext.dll
Event: 6.501 Loaded shared library C:\Users\LENOVO\.jdks\ms-21.0.7\bin\sunmscapi.dll
Event: 16.577 Loaded shared library C:\Users\LENOVO\.jdks\ms-21.0.7\bin\verify.dll

Deoptimization events (20 events):
Event: 26.200 Thread 0x000002d0f1639430 Uncommon trap: trap_request=0xffffffc6 fr.pc=0x000002d087d971b4 relative=0x0000000000000434
Event: 26.200 Thread 0x000002d0f1639430 Uncommon trap: reason=bimorphic_or_optimized_type_check action=maybe_recompile pc=0x000002d087d971b4 method=java.util.regex.Pattern$BmpCharPropertyGreedy.match(Ljava/util/regex/Matcher;ILjava/lang/CharSequence;)Z @ 26 c2
Event: 26.200 Thread 0x000002d0f1639430 DEOPT PACKING pc=0x000002d087d971b4 sp=0x000000e0ab4fb9a0
Event: 26.200 Thread 0x000002d0f1639430 DEOPT UNPACKING pc=0x000002d0875846a2 sp=0x000000e0ab4fb958 mode 2
Event: 26.200 Thread 0x000002d0f1639430 Uncommon trap: trap_request=0xffffffc6 fr.pc=0x000002d087d971b4 relative=0x0000000000000434
Event: 26.200 Thread 0x000002d0f1639430 Uncommon trap: reason=bimorphic_or_optimized_type_check action=maybe_recompile pc=0x000002d087d971b4 method=java.util.regex.Pattern$BmpCharPropertyGreedy.match(Ljava/util/regex/Matcher;ILjava/lang/CharSequence;)Z @ 26 c2
Event: 26.200 Thread 0x000002d0f1639430 DEOPT PACKING pc=0x000002d087d971b4 sp=0x000000e0ab4fb700
Event: 26.200 Thread 0x000002d0f1639430 DEOPT UNPACKING pc=0x000002d0875846a2 sp=0x000000e0ab4fb6b8 mode 2
Event: 26.200 Thread 0x000002d0f1639430 Uncommon trap: trap_request=0xffffffc6 fr.pc=0x000002d087d971b4 relative=0x0000000000000434
Event: 26.200 Thread 0x000002d0f1639430 Uncommon trap: reason=bimorphic_or_optimized_type_check action=maybe_recompile pc=0x000002d087d971b4 method=java.util.regex.Pattern$BmpCharPropertyGreedy.match(Ljava/util/regex/Matcher;ILjava/lang/CharSequence;)Z @ 26 c2
Event: 26.200 Thread 0x000002d0f1639430 DEOPT PACKING pc=0x000002d087d971b4 sp=0x000000e0ab4fb610
Event: 26.200 Thread 0x000002d0f1639430 DEOPT UNPACKING pc=0x000002d0875846a2 sp=0x000000e0ab4fb5a8 mode 2
Event: 26.256 Thread 0x000002d0f1639430 Uncommon trap: trap_request=0xffffff54 fr.pc=0x000002d087d08af8 relative=0x0000000000000f98
Event: 26.256 Thread 0x000002d0f1639430 Uncommon trap: reason=speculate_null_assert action=make_not_entrant pc=0x000002d087d08af8 method=org.springframework.transaction.interceptor.AbstractFallbackTransactionAttributeSource.getTransactionAttribute(Ljava/lang/reflect/Method;Ljava/lang/Class;Z)Lo
Event: 26.256 Thread 0x000002d0f1639430 DEOPT PACKING pc=0x000002d087d08af8 sp=0x000000e0ab4fe560
Event: 26.256 Thread 0x000002d0f1639430 DEOPT UNPACKING pc=0x000002d0875846a2 sp=0x000000e0ab4fe568 mode 2
Event: 26.816 Thread 0x000002d0f1639430 Uncommon trap: trap_request=0xffffff45 fr.pc=0x000002d087e11848 relative=0x0000000000000108
Event: 26.816 Thread 0x000002d0f1639430 Uncommon trap: reason=unstable_if action=reinterpret pc=0x000002d087e11848 method=org.springframework.util.ClassUtils.isAssignable(Ljava/lang/Class;Ljava/lang/Class;)Z @ 57 c2
Event: 26.816 Thread 0x000002d0f1639430 DEOPT PACKING pc=0x000002d087e11848 sp=0x000000e0ab4fe0c0
Event: 26.816 Thread 0x000002d0f1639430 DEOPT UNPACKING pc=0x000002d0875846a2 sp=0x000000e0ab4fe058 mode 2

Classes loaded (20 events):
Event: 25.525 Loading class sun/nio/ch/SinkChannelImpl
Event: 25.525 Loading class java/nio/channels/Pipe$SinkChannel
Event: 25.525 Loading class java/nio/channels/Pipe$SinkChannel done
Event: 25.525 Loading class sun/nio/ch/SinkChannelImpl done
Event: 25.544 Loading class java/util/TreeMap$ValueSpliterator
Event: 25.548 Loading class java/util/TreeMap$TreeMapSpliterator
Event: 25.548 Loading class java/util/TreeMap$TreeMapSpliterator done
Event: 25.548 Loading class java/util/TreeMap$ValueSpliterator done
Event: 25.617 Loading class java/util/IdentityHashMap$KeySpliterator
Event: 25.617 Loading class java/util/IdentityHashMap$IdentityHashMapSpliterator
Event: 25.617 Loading class java/util/IdentityHashMap$IdentityHashMapSpliterator done
Event: 25.617 Loading class java/util/IdentityHashMap$KeySpliterator done
Event: 25.676 Loading class java/nio/channels/spi/AbstractSelector$1
Event: 25.676 Loading class java/nio/channels/spi/AbstractSelector$1 done
Event: 25.859 Loading class jdk/internal/reflect/MethodHandleDoubleFieldAccessorImpl
Event: 25.859 Loading class jdk/internal/reflect/MethodHandleDoubleFieldAccessorImpl done
Event: 26.201 Loading class jdk/internal/math/FormattedFPDecimal
Event: 26.202 Loading class jdk/internal/math/FormattedFPDecimal done
Event: 26.699 Loading class java/util/AbstractMap$SimpleEntry
Event: 26.699 Loading class java/util/AbstractMap$SimpleEntry done

Classes unloaded (0 events):
No events

Classes redefined (0 events):
No events

Internal exceptions (20 events):
Event: 21.083 Thread 0x000002d0f1639430 Exception <a 'java/lang/IncompatibleClassChangeError'{0x000000074bad4a60}: Found class java.lang.Object, but interface was expected> (0x000000074bad4a60) 
thrown [s\src\hotspot\share\interpreter\linkResolver.cpp, line 840]
Event: 21.260 Thread 0x000002d0f1639430 Exception <a 'java/lang/IncompatibleClassChangeError'{0x000000074b858ce0}: Found class java.lang.Object, but interface was expected> (0x000000074b858ce0) 
thrown [s\src\hotspot\share\interpreter\linkResolver.cpp, line 840]
Event: 22.239 Thread 0x000002d0f1639430 Exception <a 'java/lang/IncompatibleClassChangeError'{0x000000074b874870}: Found class java.lang.Object, but interface was expected> (0x000000074b874870) 
thrown [s\src\hotspot\share\interpreter\linkResolver.cpp, line 840]
Event: 22.799 Thread 0x000002d0f1639430 Exception <a 'java/lang/IncompatibleClassChangeError'{0x000000074512f950}: Found class java.lang.Object, but interface was expected> (0x000000074512f950) 
thrown [s\src\hotspot\share\interpreter\linkResolver.cpp, line 840]
Event: 23.351 Thread 0x000002d0f1639430 Exception <a 'java/lang/NoSuchMethodError'{0x0000000744d1ecf8}: 'java.lang.Object java.lang.invoke.DirectMethodHandle$Holder.newInvokeSpecial(java.lang.Object, java.lang.Object, java.lang.Object, java.lang.Object, java.lang.Object, java.lang.Object, java.lang.Object, java.lang.Object)'> (0x0000000744d1ecf8) 
thrown [s\src\hotspot\share\interpreter\linkResolver.cpp, line 773]
Event: 24.325 Thread 0x000002d0f1639430 Exception <a 'java/lang/IncompatibleClassChangeError'{0x0000000744209888}: Found class java.lang.Object, but interface was expected> (0x0000000744209888) 
thrown [s\src\hotspot\share\interpreter\linkResolver.cpp, line 840]
Event: 24.438 Thread 0x000002d0f1639430 Exception <a 'java/lang/NoSuchMethodError'{0x00000007443b26f0}: 'void java.lang.invoke.DirectMethodHandle$Holder.invokeVirtual(java.lang.Object, java.lang.Object, long)'> (0x00000007443b26f0) 
thrown [s\src\hotspot\share\interpreter\linkResolver.cpp, line 773]
Event: 24.585 Thread 0x000002d0f1639430 Exception <a 'java/lang/NoSuchMethodError'{0x00000007441fac08}: 'int java.lang.invoke.DirectMethodHandle$Holder.invokeStaticInit(java.lang.Object, java.lang.Object, java.lang.Object, java.lang.Object)'> (0x00000007441fac08) 
thrown [s\src\hotspot\share\interpreter\linkResolver.cpp, line 773]
Event: 24.736 Thread 0x000002d0f1639430 Exception <a 'java/lang/IncompatibleClassChangeError'{0x0000000743f9b6a8}: Found class java.lang.Object, but interface was expected> (0x0000000743f9b6a8) 
thrown [s\src\hotspot\share\interpreter\linkResolver.cpp, line 840]
Event: 24.811 Thread 0x000002d0f1639430 Implicit null exception at 0x000002d087c6b0c8 to 0x000002d087c6b148
Event: 25.089 Thread 0x000002d0f1639430 Exception <a 'java/lang/NoSuchMethodError'{0x000000074bcf9a88}: 'java.lang.Object java.lang.invoke.Invokers$Holder.invoke_MT(java.lang.Object, java.lang.Object, java.lang.Object, java.lang.Object, java.lang.Object, java.lang.Object, java.lang.Object, java.lang.Object, java.lang.Object, java.lang.Object, java.lang.Object)'> (0x000000074bcf9a88) 
thrown [s\src\hotspot\share\interpreter\linkResolver.cpp, line 773]
Event: 25.371 Thread 0x000002d0f1639430 Exception <a 'java/lang/NoSuchMethodError'{0x000000074bb68268}: 'java.lang.Object java.lang.invoke.DirectMethodHandle$Holder.newInvokeSpecial(java.lang.Object, java.lang.Object, int, java.lang.Object, java.lang.Object)'> (0x000000074bb68268) 
thrown [s\src\hotspot\share\interpreter\linkResolver.cpp, line 773]
Event: 25.860 Thread 0x000002d0f1639430 Exception <a 'java/lang/NoSuchMethodError'{0x000000074b9ecc68}: 'void java.lang.invoke.DelegatingMethodHandle$Holder.reinvoke_L(java.lang.Object, java.lang.Object, double)'> (0x000000074b9ecc68) 
thrown [s\src\hotspot\share\interpreter\linkResolver.cpp, line 773]
Event: 25.868 Thread 0x000002d0f1639430 Exception <a 'java/lang/NoSuchMethodError'{0x000000074b9f3818}: 'double java.lang.invoke.Invokers$Holder.invokeExact_MT(java.lang.Object, java.lang.Object, java.lang.Object)'> (0x000000074b9f3818) 
thrown [s\src\hotspot\share\interpreter\linkResolver.cpp, line 773]
Event: 25.870 Thread 0x000002d0f1639430 Exception <a 'java/lang/NoSuchMethodError'{0x0000000745200798}: 'int java.lang.invoke.Invokers$Holder.invokeExact_MT(java.lang.Object, java.lang.Object, java.lang.Object)'> (0x0000000745200798) 
thrown [s\src\hotspot\share\interpreter\linkResolver.cpp, line 773]
Event: 25.938 Thread 0x000002d0f1639430 Exception <a 'java/lang/NoSuchMethodError'{0x000000074526fbe0}: 'int java.lang.invoke.DirectMethodHandle$Holder.invokeStatic(java.lang.Object, java.lang.Object, int, int)'> (0x000000074526fbe0) 
thrown [s\src\hotspot\share\interpreter\linkResolver.cpp, line 773]
Event: 26.053 Thread 0x000002d0f1639430 Exception <a 'java/lang/NoSuchMethodError'{0x00000007453581b8}: 'java.lang.Object java.lang.invoke.DirectMethodHandle$Holder.invokeInterface(java.lang.Object, java.lang.Object, java.lang.Object, java.lang.Object)'> (0x00000007453581b8) 
thrown [s\src\hotspot\share\interpreter\linkResolver.cpp, line 773]
Event: 26.621 Thread 0x000002d0f1639430 Exception <a 'java/lang/IncompatibleClassChangeError'{0x0000000744b8f090}: Found class java.lang.Object, but interface was expected> (0x0000000744b8f090) 
thrown [s\src\hotspot\share\interpreter\linkResolver.cpp, line 840]
Event: 26.737 Thread 0x000002d0f1639430 Exception <a 'java/lang/NoSuchMethodError'{0x00000007449d1690}: 'void java.lang.invoke.DirectMethodHandle$Holder.invokeSpecialIFC(java.lang.Object, java.lang.Object, int, java.lang.Object, java.lang.Object, java.lang.Object, java.lang.Object)'> (0x00000007449d1690) 
thrown [s\src\hotspot\share\interpreter\linkResolver.cpp, line 773]
Event: 26.812 Thread 0x000002d0f1639430 Exception <a 'java/lang/NoSuchMethodError'{0x00000007446d8370}: 'void java.lang.invoke.Invokers$Holder.invokeExact_MT(java.lang.Object, java.lang.Object, int, java.lang.Object)'> (0x00000007446d8370) 
thrown [s\src\hotspot\share\interpreter\linkResolver.cpp, line 773]

ZGC Phase Switch (0 events):
No events

VM Operations (20 events):
Event: 92.665 Executing VM operation: Cleanup
Event: 92.665 Executing VM operation: Cleanup done
Event: 95.684 Executing VM operation: Cleanup
Event: 95.684 Executing VM operation: Cleanup done
Event: 109.611 Executing VM operation: G1CollectForAllocation (G1 Evacuation Pause)
Event: 109.626 Executing VM operation: G1CollectForAllocation (G1 Evacuation Pause) done
Event: 122.722 Executing VM operation: Cleanup
Event: 122.722 Executing VM operation: Cleanup done
Event: 135.837 Executing VM operation: Cleanup
Event: 135.837 Executing VM operation: Cleanup done
Event: 136.848 Executing VM operation: Cleanup
Event: 136.848 Executing VM operation: Cleanup done
Event: 137.848 Executing VM operation: Cleanup
Event: 137.848 Executing VM operation: Cleanup done
Event: 139.856 Executing VM operation: Cleanup
Event: 139.856 Executing VM operation: Cleanup done
Event: 145.902 Executing VM operation: Cleanup
Event: 145.902 Executing VM operation: Cleanup done
Event: 160.963 Executing VM operation: Cleanup
Event: 160.963 Executing VM operation: Cleanup done

Memory protections (0 events):
No events

Nmethod flushes (20 events):
Event: 21.564 Thread 0x000002d0ffedb3a0 flushing  nmethod 0x000002d0804d7110
Event: 21.564 Thread 0x000002d0ffedb3a0 flushing  nmethod 0x000002d0804f2590
Event: 21.564 Thread 0x000002d0ffedb3a0 flushing  nmethod 0x000002d0804f3710
Event: 21.564 Thread 0x000002d0ffedb3a0 flushing  nmethod 0x000002d0804fbe10
Event: 21.564 Thread 0x000002d0ffedb3a0 flushing  nmethod 0x000002d0804fe110
Event: 21.564 Thread 0x000002d0ffedb3a0 flushing  nmethod 0x000002d080519090
Event: 21.564 Thread 0x000002d0ffedb3a0 flushing  nmethod 0x000002d08051dc10
Event: 21.564 Thread 0x000002d0ffedb3a0 flushing  nmethod 0x000002d080530610
Event: 21.564 Thread 0x000002d0ffedb3a0 flushing  nmethod 0x000002d080535190
Event: 21.564 Thread 0x000002d0ffedb3a0 flushing  nmethod 0x000002d080535d10
Event: 21.564 Thread 0x000002d0ffedb3a0 flushing  nmethod 0x000002d0805af590
Event: 21.564 Thread 0x000002d0ffedb3a0 flushing  nmethod 0x000002d0805afe10
Event: 21.564 Thread 0x000002d0ffedb3a0 flushing  nmethod 0x000002d080697210
Event: 21.564 Thread 0x000002d0ffedb3a0 flushing  nmethod 0x000002d0806cd710
Event: 21.564 Thread 0x000002d0ffedb3a0 flushing  nmethod 0x000002d0806d0310
Event: 21.564 Thread 0x000002d0ffedb3a0 flushing  nmethod 0x000002d0806d8b10
Event: 21.564 Thread 0x000002d0ffedb3a0 flushing  nmethod 0x000002d0806ffb10
Event: 21.564 Thread 0x000002d0ffedb3a0 flushing  nmethod 0x000002d08072c810
Event: 21.564 Thread 0x000002d0ffedb3a0 flushing  nmethod 0x000002d080834590
Event: 21.564 Thread 0x000002d0ffedb3a0 flushing  nmethod 0x000002d080834990

Events (20 events):
Event: 20.695 Thread 0x000002d0d72fff10 Thread exited: 0x000002d0d72fff10
Event: 20.815 Thread 0x000002d0fff39940 Thread added: 0x000002d0d786d5d0
Event: 21.087 Thread 0x000002d0d72fe4d0 Thread exited: 0x000002d0d72fe4d0
Event: 23.190 Thread 0x000002d0d786d5d0 Thread exited: 0x000002d0d786d5d0
Event: 23.222 Thread 0x000002d0fff39940 Thread added: 0x000002d0d8fc9fb0
Event: 25.468 Thread 0x000002d0f1639430 Thread added: 0x000002d0d72fe4d0
Event: 25.468 Thread 0x000002d0f1639430 Thread added: 0x000002d0d72fff10
Event: 25.468 Thread 0x000002d0f1639430 Thread added: 0x000002d0dbb64880
Event: 25.469 Thread 0x000002d0f1639430 Thread added: 0x000002d0dbb662c0
Event: 25.469 Thread 0x000002d0f1639430 Thread added: 0x000002d0dbb60050
Event: 25.469 Thread 0x000002d0f1639430 Thread added: 0x000002d0dbb655a0
Event: 25.469 Thread 0x000002d0f1639430 Thread added: 0x000002d0dbb61400
Event: 25.469 Thread 0x000002d0f1639430 Thread added: 0x000002d0dbb66950
Event: 25.470 Thread 0x000002d0f1639430 Thread added: 0x000002d0dbb61a90
Event: 25.470 Thread 0x000002d0f1639430 Thread added: 0x000002d0dbb62e40
Event: 25.539 Thread 0x000002d0f1639430 Thread added: 0x000002d0dbb66fe0
Event: 25.542 Thread 0x000002d0f1639430 Thread added: 0x000002d0dbb67670
Event: 26.499 Thread 0x000002d0d8fc9fb0 Thread exited: 0x000002d0d8fc9fb0
Event: 26.828 Thread 0x000002d0f1639430 Thread exited: 0x000002d0f1639430
Event: 26.829 Thread 0x000002d0dbb60d70 Thread added: 0x000002d0dbb60d70


Dynamic libraries:
0x00007ff781ab0000 - 0x00007ff781abe000 	C:\Users\LENOVO\.jdks\ms-21.0.7\bin\java.exe
0x00007ffcaf930000 - 0x00007ffcafb28000 	C:\WINDOWS\SYSTEM32\ntdll.dll
0x00007ffcadb00000 - 0x00007ffcadbbd000 	C:\WINDOWS\System32\KERNEL32.DLL
0x00007ffcad130000 - 0x00007ffcad426000 	C:\WINDOWS\System32\KERNELBASE.dll
0x00007ffcad030000 - 0x00007ffcad130000 	C:\WINDOWS\System32\ucrtbase.dll
0x00007ffca50b0000 - 0x00007ffca50cd000 	C:\Users\LENOVO\.jdks\ms-21.0.7\bin\VCRUNTIME140.dll
0x00007ffca27f0000 - 0x00007ffca2808000 	C:\Users\LENOVO\.jdks\ms-21.0.7\bin\jli.dll
0x00007ffcaf520000 - 0x00007ffcaf6be000 	C:\WINDOWS\System32\USER32.dll
0x00007ffcad000000 - 0x00007ffcad022000 	C:\WINDOWS\System32\win32u.dll
0x00007ffcae2d0000 - 0x00007ffcae2fc000 	C:\WINDOWS\System32\GDI32.dll
0x00007ffcad810000 - 0x00007ffcad92a000 	C:\WINDOWS\System32\gdi32full.dll
0x00007ffcad430000 - 0x00007ffcad4cd000 	C:\WINDOWS\System32\msvcp_win.dll
0x00007ffc956d0000 - 0x00007ffc9596a000 	C:\WINDOWS\WinSxS\amd64_microsoft.windows.common-controls_6595b64144ccf1df_6.0.19041.3570_none_60bb2a3971f3e41a\COMCTL32.dll
0x00007ffcaf6c0000 - 0x00007ffcaf75e000 	C:\WINDOWS\System32\msvcrt.dll
0x00007ffcae470000 - 0x00007ffcae4a0000 	C:\WINDOWS\System32\IMM32.DLL
0x00007ffca86f0000 - 0x00007ffca86fc000 	C:\Users\LENOVO\.jdks\ms-21.0.7\bin\vcruntime140_1.dll
0x00007ffca2760000 - 0x00007ffca27ed000 	C:\Users\LENOVO\.jdks\ms-21.0.7\bin\msvcp140.dll
0x00007ffc6d980000 - 0x00007ffc6e718000 	C:\Users\LENOVO\.jdks\ms-21.0.7\bin\server\jvm.dll
0x00007ffcaf830000 - 0x00007ffcaf8e3000 	C:\WINDOWS\System32\ADVAPI32.dll
0x00007ffcae0e0000 - 0x00007ffcae17f000 	C:\WINDOWS\System32\sechost.dll
0x00007ffcadfb0000 - 0x00007ffcae0d6000 	C:\WINDOWS\System32\RPCRT4.dll
0x00007ffcad730000 - 0x00007ffcad757000 	C:\WINDOWS\System32\bcrypt.dll
0x00007ffcaf760000 - 0x00007ffcaf7cb000 	C:\WINDOWS\System32\WS2_32.dll
0x00007ffcac560000 - 0x00007ffcac5ab000 	C:\WINDOWS\SYSTEM32\POWRPROF.dll
0x00007ffc8dd20000 - 0x00007ffc8dd47000 	C:\WINDOWS\SYSTEM32\WINMM.dll
0x00007ffca2c70000 - 0x00007ffca2c7a000 	C:\WINDOWS\SYSTEM32\VERSION.dll
0x00007ffcac410000 - 0x00007ffcac422000 	C:\WINDOWS\SYSTEM32\UMPDC.dll
0x00007ffcaae70000 - 0x00007ffcaae82000 	C:\WINDOWS\SYSTEM32\kernel.appcore.dll
0x00007ffca8630000 - 0x00007ffca863a000 	C:\Users\LENOVO\.jdks\ms-21.0.7\bin\jimage.dll
0x00007ffca31f0000 - 0x00007ffca33d4000 	C:\WINDOWS\SYSTEM32\DBGHELP.DLL
0x00007ffc96e60000 - 0x00007ffc96e94000 	C:\WINDOWS\SYSTEM32\dbgcore.DLL
0x00007ffcad6a0000 - 0x00007ffcad722000 	C:\WINDOWS\System32\bcryptPrimitives.dll
0x00007ffca6700000 - 0x00007ffca670f000 	C:\Users\LENOVO\.jdks\ms-21.0.7\bin\instrument.dll
0x00007ffca2740000 - 0x00007ffca2760000 	C:\Users\LENOVO\.jdks\ms-21.0.7\bin\java.dll
0x00007ffcaec90000 - 0x00007ffcaf3d5000 	C:\WINDOWS\System32\SHELL32.dll
0x00007ffcab070000 - 0x00007ffcab80b000 	C:\WINDOWS\SYSTEM32\windows.storage.dll
0x00007ffcadc40000 - 0x00007ffcadf94000 	C:\WINDOWS\System32\combase.dll
0x00007ffcac950000 - 0x00007ffcac97d000 	C:\WINDOWS\SYSTEM32\Wldp.dll
0x00007ffcad980000 - 0x00007ffcada2d000 	C:\WINDOWS\System32\SHCORE.dll
0x00007ffcada30000 - 0x00007ffcada85000 	C:\WINDOWS\System32\shlwapi.dll
0x00007ffcacf30000 - 0x00007ffcacf55000 	C:\WINDOWS\SYSTEM32\profapi.dll
0x00007ffc8ee10000 - 0x00007ffc8eee6000 	C:\Users\LENOVO\.jdks\ms-21.0.7\bin\jsvml.dll
0x00007ffca0570000 - 0x00007ffca0588000 	C:\Users\LENOVO\.jdks\ms-21.0.7\bin\zip.dll
0x00007ffca66a0000 - 0x00007ffca66b0000 	C:\Users\LENOVO\.jdks\ms-21.0.7\bin\net.dll
0x00007ffca7970000 - 0x00007ffca7a7a000 	C:\WINDOWS\SYSTEM32\WINHTTP.dll
0x00007ffcac730000 - 0x00007ffcac79a000 	C:\WINDOWS\system32\mswsock.dll
0x00007ffc99700000 - 0x00007ffc99716000 	C:\Users\LENOVO\.jdks\ms-21.0.7\bin\nio.dll
0x00007ffcac440000 - 0x00007ffcac50a000 	C:\WINDOWS\SYSTEM32\DNSAPI.dll
0x00007ffcac3d0000 - 0x00007ffcac40b000 	C:\WINDOWS\SYSTEM32\IPHLPAPI.DLL
0x00007ffcadfa0000 - 0x00007ffcadfa8000 	C:\WINDOWS\System32\NSI.dll
0x00007ffc9ad50000 - 0x00007ffc9add0000 	C:\WINDOWS\System32\fwpuclnt.dll
0x00007ffca4750000 - 0x00007ffca4759000 	C:\Users\LENOVO\.jdks\ms-21.0.7\bin\extnet.dll
0x00007ffca1c10000 - 0x00007ffca1c1a000 	C:\Windows\System32\rasadhlp.dll
0x00007ffca4680000 - 0x00007ffca468a000 	C:\Users\LENOVO\.jdks\ms-21.0.7\bin\management.dll
0x00007ffca45c0000 - 0x00007ffca45cb000 	C:\Users\LENOVO\.jdks\ms-21.0.7\bin\management_ext.dll
0x00007ffcadaf0000 - 0x00007ffcadaf8000 	C:\WINDOWS\System32\PSAPI.DLL
0x00007ffcac990000 - 0x00007ffcac9a8000 	C:\WINDOWS\SYSTEM32\CRYPTSP.dll
0x00007ffcabfb0000 - 0x00007ffcabfe4000 	C:\WINDOWS\system32\rsaenh.dll
0x00007ffcacef0000 - 0x00007ffcacf1e000 	C:\WINDOWS\SYSTEM32\USERENV.dll
0x00007ffcac8c0000 - 0x00007ffcac8cc000 	C:\WINDOWS\SYSTEM32\CRYPTBASE.dll
0x00007ffc80e60000 - 0x00007ffc80e77000 	C:\WINDOWS\system32\napinsp.dll
0x00007ffc80d90000 - 0x00007ffc80dab000 	C:\WINDOWS\system32\pnrpnsp.dll
0x00007ffca6580000 - 0x00007ffca6595000 	C:\WINDOWS\system32\wshbth.dll
0x00007ffca8780000 - 0x00007ffca879d000 	C:\WINDOWS\system32\NLAapi.dll
0x00007ffc80520000 - 0x00007ffc80532000 	C:\WINDOWS\System32\winrnr.dll
0x00007ffc94740000 - 0x00007ffc94789000 	C:\WINDOWS\SYSTEM32\pdh.dll
0x00007ffca4320000 - 0x00007ffca432e000 	C:\Users\LENOVO\.jdks\ms-21.0.7\bin\sunmscapi.dll
0x00007ffcad540000 - 0x00007ffcad69d000 	C:\WINDOWS\System32\CRYPT32.dll
0x00007ffcaca80000 - 0x00007ffcacaa8000 	C:\WINDOWS\SYSTEM32\ncrypt.dll
0x00007ffcaca40000 - 0x00007ffcaca7b000 	C:\WINDOWS\SYSTEM32\NTASN1.dll
0x00007ffca75d0000 - 0x00007ffca75df000 	C:\WINDOWS\System32\perfproc.dll
0x00007ffca11f0000 - 0x00007ffca1200000 	C:\Users\LENOVO\.jdks\ms-21.0.7\bin\verify.dll
0x00007ffca7c80000 - 0x00007ffca7c87000 	C:\WINDOWS\system32\wshunix.dll

dbghelp: loaded successfully - version: 4.0.5 - missing functions: none
symbol engine: initialized successfully - sym options: 0x614 - pdb path: .;C:\Users\LENOVO\.jdks\ms-21.0.7\bin;C:\WINDOWS\SYSTEM32;C:\WINDOWS\WinSxS\amd64_microsoft.windows.common-controls_6595b64144ccf1df_6.0.19041.3570_none_60bb2a3971f3e41a;C:\Users\LENOVO\.jdks\ms-21.0.7\bin\server

VM Arguments:
jvm_args: --enable-preview -javaagent:C:\Program Files\JetBrains\IntelliJ IDEA 2024.3.5\lib\idea_rt.jar=64826 -Dfile.encoding=UTF-8 -Dsun.stdout.encoding=UTF-8 -Dsun.stderr.encoding=UTF-8 -Djava.net.preferIPv4Stack=true 
java_command: net.safae.ormtest.OrmTestApplication
java_class_path (initial): C:\Users\LENOVO\IdeaProjects\orm-test\target\classes;C:\Users\LENOVO\.m2\repository\org\springframework\boot\spring-boot-starter-data-jpa\3.4.5\spring-boot-starter-data-jpa-3.4.5.jar;C:\Users\LENOVO\.m2\repository\org\springframework\boot\spring-boot-starter\3.4.5\spring-boot-starter-3.4.5.jar;C:\Users\LENOVO\.m2\repository\org\springframework\boot\spring-boot\3.4.5\spring-boot-3.4.5.jar;C:\Users\LENOVO\.m2\repository\org\springframework\boot\spring-boot-autoconfigure\3.4.5\spring-boot-autoconfigure-3.4.5.jar;C:\Users\LENOVO\.m2\repository\org\springframework\boot\spring-boot-starter-logging\3.4.5\spring-boot-starter-logging-3.4.5.jar;C:\Users\LENOVO\.m2\repository\ch\qos\logback\logback-classic\1.5.18\logback-classic-1.5.18.jar;C:\Users\LENOVO\.m2\repository\ch\qos\logback\logback-core\1.5.18\logback-core-1.5.18.jar;C:\Users\LENOVO\.m2\repository\org\apache\logging\log4j\log4j-to-slf4j\2.24.3\log4j-to-slf4j-2.24.3.jar;C:\Users\LENOVO\.m2\repository\org\apache\logging\log4j\log4j-api\2.24.3\log4j-api-2.24.3.jar;C:\Users\LENOVO\.m2\repository\org\slf4j\jul-to-slf4j\2.0.17\jul-to-slf4j-2.0.17.jar;C:\Users\LENOVO\.m2\repository\jakarta\annotation\jakarta.annotation-api\2.1.1\jakarta.annotation-api-2.1.1.jar;C:\Users\LENOVO\.m2\repository\org\yaml\snakeyaml\2.3\snakeyaml-2.3.jar;C:\Users\LENOVO\.m2\repository\org\springframework\boot\spring-boot-starter-jdbc\3.4.5\spring-boot-starter-jdbc-3.4.5.jar;C:\Users\LENOVO\.m2\repository\com\zaxxer\HikariCP\5.1.0\HikariCP-5.1.0.jar;C:\Users\LENOVO\.m2\repository\org\springframework\spring-jdbc\6.2.6\spring-jdbc-6.2.6.jar;C:\Users\LENOVO\.m2\repository\org\hibernate\orm\hibernate-core\6.6.13.Final\hibernate-core-6.6.13.Final.jar;C:\Users\LENOVO\.m2\repository\jakarta\persistence\jakarta.persistence-api\3.1.0\jakarta.persistence-api-3.1.0.jar;C:\Users\LENOVO\.m2\repository\jakarta\transaction\jakarta.transaction-api\2.0.1\jakarta.transaction-api-2.0.1.jar;C:\Users\LENOVO\.m2\repository\org\jboss\logging\jboss-logging\3.6.1.Final\jboss-logging-3.6.1.Final.jar;C:\Users\LENOVO\.m2\repository\org\hibernate\common\hibernate-commons-annotations\7.0.3.Final\hibernate-commons-annotations-7.0.3.Final.jar;C:\Users\LENOVO\.m2\repository\io\smallrye\jandex\3.2.0\jandex-3.2.0.jar;C:\Users\LENOVO\.m2\repository\com\fasterxml\classmate\1.7.0\classmate-1.7.0.jar;C:\Users\LENOVO\.m2\repository\net\bytebuddy\byte-buddy\1.15.11\byte-buddy-1.15.11.jar;C:\Users\LENOVO\.m2\repository\org\glassfish\jaxb\jaxb-runtime\4.0.5\jaxb-runtime-4.0.5.jar;C:\Users\LENOVO\.m2\repository\org\glassfish\jaxb\jaxb-core\4.0.5\jaxb-core-4.0.5.jar;C:\Users\LENOVO\.m2\repository\org\eclipse\angus\angus-activation\2.0.2\angus-activation-2.0.2.jar;C:\Users\LENOVO\.m2\repository\org\glassfish\jaxb\txw2\4.0.5\txw2-4.0.5.jar;C:\Users\LENOVO\.m2\repository\com\sun\istack\istack-commons-runtime\4.1.2\istack-commons-runtime-4.1.2.jar;C:\Users\LENOVO\.m2\repository\jakarta\inject\jakarta.inject-api\2.0.1\jakarta.inject-api-2.0.1.jar;C:\Users\LENOVO\.m2\repository\org\antlr\antlr4-runtime\4.13.0\antlr4-runtime-4.13.0.jar;C:\Users\LENOVO\.m2\repository\org\springframework\data\spring-data-jpa\3.4.5\spring-data-jpa-3.4.5.jar;C:\Users\LENOVO\.m2\repository\org\springframework\data\spring-data-commons\3.4.5\spring-data-commons-3.4.5.jar;C:\Users\LENOVO\.m2\repository\org\springframework\spring-orm\6.2.6\spring-orm-6.2.6.jar;C:\Users\LENOVO\.m2\repository\org\springframework\spring-context\6.2.6\spring-context-6.2.6.jar;C:\Users\LENOVO\.m2\repository\org\springframework\spring-aop\6.2.6\spring-aop-6.2.6.jar;C:\Users\LENOVO\.m2\repository\org\springframework\spring-tx\6.2.6\spring-tx-6.2.6.jar;C:\Users\LENOVO\.m2\repository\org\springframework\spring-beans\6.2.6\spring-beans-6.2.6.jar;C:\Users\LENOVO\.m2\repository\org\slf4j\slf4j-api\2.0.17\slf4j-api-2.0.17.jar;C:\Users\LENOVO\.m2\repository\org\springframework\spring-aspects\6.2.6\spring-aspects-6.2.6.jar;C:\Users\LENOVO\.m2\repository\org\aspectj\aspectjweaver\1.9.24\aspectjweaver-1.9.24.jar;C:\Users\LENOVO\.m2\repository\org\springframework\boot\spring-boot-starter-web\3.4.5\spring-boot-starter-web-3.4.5.jar;C:\Users\LENOVO\.m2\repository\org\springframework\boot\spring-boot-starter-json\3.4.5\spring-boot-starter-json-3.4.5.jar;C:\Users\LENOVO\.m2\repository\com\fasterxml\jackson\core\jackson-databind\2.18.3\jackson-databind-2.18.3.jar;C:\Users\LENOVO\.m2\repository\com\fasterxml\jackson\core\jackson-annotations\2.18.3\jackson-annotations-2.18.3.jar;C:\Users\LENOVO\.m2\repository\com\fasterxml\jackson\core\jackson-core\2.18.3\jackson-core-2.18.3.jar;C:\Users\LENOVO\.m2\repository\com\fasterxml\jackson\datatype\jackson-datatype-jdk8\2.18.3\jackson-datatype-jdk8-2.18.3.jar;C:\Users\LENOVO\.m2\repository\com\fasterxml\jackson\datatype\jackson-datatype-jsr310\2.18.3\jackson-datatype-jsr310-2.18.3.jar;C:\Users\LENOVO\.m2\repository\com\fasterxml\jackson\module\jackson-module-parameter-names\2.18.3\jackson-module-parameter-names-2.18.3.jar;C:\Users\LENOVO\.m2\repository\org\springframework\boot\spring-boot-starter-tomcat\3.4.5\spring-boot-starter-tomcat-3.4.5.jar;C:\Users\LENOVO\.m2\repository\org\apache\tomcat\embed\tomcat-embed-core\10.1.40\tomcat-embed-core-10.1.40.jar;C:\Users\LENOVO\.m2\repository\org\apache\tomcat\embed\tomcat-embed-el\10.1.40\tomcat-embed-el-10.1.40.jar;C:\Users\LENOVO\.m2\repository\org\apache\tomcat\embed\tomcat-embed-websocket\10.1.40\tomcat-embed-websocket-10.1.40.jar;C:\Users\LENOVO\.m2\repository\org\springframework\spring-web\6.2.6\spring-web-6.2.6.jar;C:\Users\LENOVO\.m2\repository\io\micrometer\micrometer-observation\1.14.6\micrometer-observation-1.14.6.jar;C:\Users\LENOVO\.m2\repository\io\micrometer\micrometer-commons\1.14.6\micrometer-commons-1.14.6.jar;C:\Users\LENOVO\.m2\repository\org\springframework\spring-webmvc\6.2.6\spring-webmvc-6.2.6.jar;C:\Users\LENOVO\.m2\repository\org\springframework\spring-expression\6.2.6\spring-expression-6.2.6.jar;C:\Users\LENOVO\.m2\repository\com\h2database\h2\2.3.232\h2-2.3.232.jar;C:\Users\LENOVO\.m2\repository\com\mysql\mysql-connector-j\9.1.0\mysql-connector-j-9.1.0.jar;C:\Users\LENOVO\.m2\repository\org\projectlombok\lombok\1.18.38\lombok-1.18.38.jar;C:\Users\LENOVO\.m2\repository\jakarta\xml\bind\jakarta.xml.bind-api\4.0.2\jakarta.xml.bind-api-4.0.2.jar;C:\Users\LENOVO\.m2\repository\jakarta\activation\jakarta.activation-api\2.1.3\jakarta.activation-api-2.1.3.jar;C:\Users\LENOVO\.m2\repository\org\springframework\spring-core\6.2.6\spring-core-6.2.6.jar;C:\Users\LENOVO\.m2\repository\org\springframework\spring-jcl\6.2.6\spring-jcl-6.2.6.jar
Launcher Type: SUN_STANDARD

[Global flags]
     intx CICompilerCount                          = 3                                         {product} {ergonomic}
     uint ConcGCThreads                            = 1                                         {product} {ergonomic}
     uint G1ConcRefinementThreads                  = 4                                         {product} {ergonomic}
   size_t G1HeapRegionSize                         = 2097152                                   {product} {ergonomic}
    uintx GCDrainStackTargetSize                   = 64                                        {product} {ergonomic}
   size_t InitialHeapSize                          = 199229440                                 {product} {ergonomic}
   size_t MarkStackSize                            = 4194304                                   {product} {ergonomic}
   size_t MaxHeapSize                              = 3187671040                                {product} {ergonomic}
   size_t MaxNewSize                               = 1912602624                                {product} {ergonomic}
   size_t MinHeapDeltaBytes                        = 2097152                                   {product} {ergonomic}
   size_t MinHeapSize                              = 8388608                                   {product} {ergonomic}
    uintx NonNMethodCodeHeapSize                   = 5832780                                {pd product} {ergonomic}
    uintx NonProfiledCodeHeapSize                  = 122912730                              {pd product} {ergonomic}
    uintx ProfiledCodeHeapSize                     = 122912730                              {pd product} {ergonomic}
    uintx ReservedCodeCacheSize                    = 251658240                              {pd product} {ergonomic}
     bool SegmentedCodeCache                       = true                                      {product} {ergonomic}
   size_t SoftMaxHeapSize                          = 3187671040                             {manageable} {ergonomic}
     bool UseCompressedOops                        = true                           {product lp64_product} {ergonomic}
     bool UseG1GC                                  = true                                      {product} {ergonomic}
     bool UseLargePagesIndividualAllocation        = false                                  {pd product} {ergonomic}

Logging:
Log output configuration:
 #0: stdout all=warning uptime,level,tags foldmultilines=false
 #1: stderr all=off uptime,level,tags foldmultilines=false

Environment Variables:
JAVA_HOME=C:\Program Files\Java\jdk1.8.0_202
_JAVA_OPTIONS=-Djava.net.preferIPv4Stack=true
PATH=C:\Python311\Scripts\;C:\Python311\;C:\Program Files (x86)\Common Files\Oracle\Java\javapath;C:\Python\Python38;C:\WINDOWS\system32;C:\WINDOWS;C:\WINDOWS\System32\Wbem;C:\WINDOWS\System32\WindowsPowerShell\v1.0\;C:\WINDOWS\System32\OpenSSH\;C:\Python\Python36;C:\Users\LENOVO\miniconda3\Scripts;C:\ProgramData\chocolatey\bin;C:\php;C:\Program Files\Java\jdk-1.8\bin;C:\Program Files\Java\jre-1.8\bin;C:\Program Files\dotnet\;C:\Program Files (x86)\Microsoft SQL Server\160\Tools\Binn\;C:\Program Files\Microsoft SQL Server\160\Tools\Binn\;C:\Program Files\Microsoft SQL Server\Client SDK\ODBC\170\Tools\Binn\;C:\Program Files\Microsoft SQL Server\160\DTS\Binn\;C:\Program Files\Amazon\AWSCLIV2\;C:\Program Files\Git\cmd;C:\src\flutter\bin;C:\Users\LENOVO\AppData\Local\Programs\Python\Launcher\;C:\Python310\Scripts\;C:\Python310\;C:\Users\LENOVO\AppData\Local\Programs\Python\Python36\Scripts\;C:\Users\LENOVO\AppData\Local\Programs\Python\Python36\;C:\Users\LENOVO\AppData\Local\Programs\Python\Python38\Scripts\;C:\Users\LENOVO\AppData\Local\Programs\Python\Python38\;C:\Users\LENOVO\AppData\Local\Programs\Python\Python37\Scripts\;C:\Users\LENOVO\AppData\Local\Programs\Python\Python37\;C:\Users\LENOVO\AppData\Local\Programs\Python\Python310\Scripts\;C:\Users\LENOVO\AppData\Local\Programs\Python\Python310\;C:\Users\LENOVO\AppData\Local\Programs\Python\Python311\Scripts\;C:\Users\LENOVO\AppData\Local\Programs\Python\Python311\;C:\Users\LENOVO\AppData\Local\Microsoft\WindowsApps;C:\Program Files\Java\jdk1.8.0_202\bin;C:\wamp64\bin\mysql\mysql8.0.31\bin;C:\Users\LENOVO\.dotnet\tools;C:\Users\LENOVO\AppData\Local\Programs\Microsoft VS Code\bin;C:\dart-sdk\bin;C:\Program Files\JetBrains\IntelliJ IDEA 2024.3.5\bin;;C:\src\flutter\bin;
USERNAME=LENOVO
OS=Windows_NT
PROCESSOR_IDENTIFIER=Intel64 Family 6 Model 78 Stepping 3, GenuineIntel
TMP=C:\Users\LENOVO\AppData\Local\Temp
TEMP=C:\Users\LENOVO\AppData\Local\Temp




Periodic native trim disabled

---------------  S Y S T E M  ---------------

OS:
 Windows 10 , 64 bit Build 19041 (10.0.19041.3636)
OS uptime: 0 days 6:16 hours
Hyper-V role detected

CPU: total 4 (initial active 4) (2 cores per cpu, 2 threads per core) family 6 model 78 stepping 3 microcode 0xcc, cx8, cmov, fxsr, ht, mmx, 3dnowpref, sse, sse2, sse3, ssse3, sse4.1, sse4.2, popcnt, lzcnt, tsc, tscinvbit, avx, avx2, aes, erms, clmul, bmi1, bmi2, adx, fma, vzeroupper, clflush, clflushopt, hv, rdtscp, f16c
Processor Information for processor 0
  Max Mhz: 2000, Current Mhz: 1500, Mhz Limit: 2000
Processor Information for processor 1
  Max Mhz: 2000, Current Mhz: 2000, Mhz Limit: 2000
Processor Information for processor 2
  Max Mhz: 2000, Current Mhz: 2000, Mhz Limit: 2000
Processor Information for processor 3
  Max Mhz: 2000, Current Mhz: 1500, Mhz Limit: 2000

Memory: 4k page, system-wide physical 12154M (2219M free)
TotalPageFile size 12154M (AvailPageFile size 5M)
current process WorkingSet (physical memory assigned to process): 235M, peak: 270M
current process commit charge ("private bytes"): 263M, peak: 332M

vm_info: OpenJDK 64-Bit Server VM (21.0.7+6-LTS) for windows-amd64 JRE (21.0.7+6-LTS), built on 2025-04-09T22:17:25Z by "MicrosoftCorporation" with unknown MS VC++:1939

END.
